2021-10-20 10:02:51,071 - A private_key.pem file is generated and stored for user: root.
2021-10-20 10:02:51,825 - The status of Server:sabrinasystem:003f72ce-62b2-4f97-aba7-889b8bb483bf is started at 2021-10-20 10:02:51.825615
2021-10-20 14:17:55,144 - A private_key.pem file is generated and stored for user: root.
2021-10-20 14:17:57,730 - maggie.jmw.com with uuid:00c9f070-5cee-482f-97a8-24fb848d948d was created at2021-10-20 14:17:57.730594
2021-10-20 14:19:05,647 - A private_key.pem file is generated and stored for user: root.
2021-10-20 14:19:08,113 - maggie.jmw.com with uuid:0028ea76-cb26-43e7-9862-d89d164e2a6a was created at2021-10-20 14:19:08.113762
2021-10-20 14:20:03,708 - A private_key.pem file is generated and stored for user: root.
2021-10-20 14:20:04,283 - Connected (version 2.0, client OpenSSH_8.2p1)
2021-10-20 14:20:04,785 - Authentication (publickey) failed.
2021-10-20 14:20:05,136 - Authentication (publickey) failed.
2021-10-20 14:20:57,671 - A private_key.pem file is generated and stored for user: root.
2021-10-20 14:21:00,348 - maggie.jmw.com with uuid:00561eb0-8ceb-446f-83c2-f094b174e7e6 was created at2021-10-20 14:21:00.348415
2021-10-20 14:30:46,083 - A private_key_maggie.pem file is generated and stored for user: root.
2021-10-20 14:32:47,295 - A private_key_maggie.pem file is generated and stored for user: root.
2021-10-20 14:33:15,219 - A private_key_maggie.pem file is generated and stored for user: root.
2021-10-20 14:33:16,035 - Server: 0028ea76-cb26-43e7-9862-d89d164e2a6a has been stopped.
2021-10-20 14:33:59,429 - A private_key_maggie.pem file is generated and stored for user: root.
2021-10-20 14:33:59,988 - Server0028ea76-cb26-43e7-9862-d89d164e2a6a has been deleted.
2021-10-20 14:45:23,816 - A private_key_maggie.pem file is generated and stored for user: root.
2021-10-20 14:51:11,217 - A private_key_maggie.pem file is generated and stored for user: root.
2021-10-20 15:01:12,858 - A private_key_maggie.pem file is generated and stored for user: root.
2021-10-20 15:17:20,282 - A private_key_maggie.pem file is generated and stored for user: root.
2021-10-20 15:17:23,007 - maggie.jmw.com with uuid:00adca12-fb12-4a54-9001-36cd2725aa4c was created at 2021-10-20 15:17:23.006794
2021-10-20 15:18:24,899 - The status of Server:maggie.jmw.com:00adca12-fb12-4a54-9001-36cd2725aa4c is started at 2021-10-20 15:18:24.899261
2021-10-20 15:19:24,477 - The status of Server:maggie.jmw.com:00adca12-fb12-4a54-9001-36cd2725aa4c is started at 2021-10-20 15:19:24.477743
2021-10-20 15:21:24,839 - Server: 00adca12-fb12-4a54-9001-36cd2725aa4c has been stopped.
2021-10-20 15:21:43,421 - Server: 00adca12-fb12-4a54-9001-36cd2725aa4c has been deleted.
